<?xml version="1.0" encoding="UTF-8"?>
<!-- Generated by org.testng.reporters.JUnitReportReporter -->
<testsuite hostname="DESKTOP-9VQSPT3" failures="0" tests="1" name="com.demo.tests.LoginTest_001" time="25.670" errors="0" timestamp="2022-08-04T01:22:20 IST" skipped="0">
  <testcase classname="com.demo.tests.LoginTest_001" name="loginTest" time="25.670"/>
  <system-out/>
</testsuite> <!-- com.demo.tests.LoginTest_001 -->
