<?xml version="1.0" encoding="UTF-8"?>
<!-- Generated by org.testng.reporters.JUnitReportReporter -->
<testsuite hostname="DESKTOP-9VQSPT3" failures="0" tests="3" name="com.orangehrm.tests.Practicea" time="21.007" errors="0" timestamp="2022-07-21T12:24:25 IST" skipped="1">
  <testcase classname="com.orangehrm.tests.Practicea" name="FluentWait" time="8.554"/>
  <system-out/>
  <testcase classname="com.orangehrm.tests.Practicea" name="threadConcept" time="12.453"/>
  <system-out/>
  <testcase classname="com.orangehrm.tests.Practicea" name="start">
    <skipped/>
  </testcase> <!-- start -->
  <system-out/>
</testsuite> <!-- com.orangehrm.tests.Practicea -->
