<?xml version="1.0" encoding="UTF-8"?>
<!-- Generated by org.testng.reporters.JUnitReportReporter -->
<testsuite hostname="DESKTOP-9VQSPT3" failures="0" tests="5" name="com.demo.tests.TC_LoginDDT_002" time="86.909" errors="0" timestamp="2022-07-11T09:52:51 IST" skipped="0">
  <testcase classname="com.demo.tests.TC_LoginDDT_002" name="loginDDT" time="22.081"/>
  <system-out/>
  <testcase classname="com.demo.tests.TC_LoginDDT_002" name="loginDDT" time="15.982"/>
  <system-out/>
  <testcase classname="com.demo.tests.TC_LoginDDT_002" name="loginDDT" time="17.174"/>
  <system-out/>
  <testcase classname="com.demo.tests.TC_LoginDDT_002" name="loginDDT" time="14.920"/>
  <system-out/>
  <testcase classname="com.demo.tests.TC_LoginDDT_002" name="loginDDT" time="16.752"/>
  <system-out/>
</testsuite> <!-- com.demo.tests.TC_LoginDDT_002 -->
