<?xml version="1.0" encoding="UTF-8"?>
<!-- Generated by org.testng.reporters.JUnitReportReporter -->
<testsuite hostname="DESKTOP-9VQSPT3" failures="0" tests="2" name="com.demo.tests.Yahoo_Search_Test" time="8.880" errors="0" timestamp="2022-07-05T17:41:43 IST" skipped="0">
  <testcase classname="com.demo.tests.Yahoo_Search_Test" name="launchUrl" time="4.290"/>
  <system-out/>
  <testcase classname="com.demo.tests.Yahoo_Search_Test" name="validate_searchTextbox" time="4.590"/>
  <system-out/>
</testsuite> <!-- com.demo.tests.Yahoo_Search_Test -->
